[INFO ] 2021-04-22 10:38:39.351 [Test worker] UserDatabaseAccess - Opening connection to the database...
[INFO ] 2021-04-22 10:38:39.500 [Test worker] UserDatabaseAccess - Opening connection to the database...
[INFO ] 2021-04-22 10:38:39.755 [Test worker] UserDatabaseAccess - Opening connection to the database...
[INFO ] 2021-04-22 10:38:39.788 [Test worker] UserDatabaseAccess - Opening connection to the database...
[INFO ] 2021-04-22 10:38:39.812 [Test worker] UserDatabaseAccess - Opening connection to the database...
[INFO ] 2021-04-22 10:38:40.030 [Test worker] UserDatabaseAccess - Opening connection to the database...
[INFO ] 2021-04-22 10:40:43.664 [Test worker] UserDatabaseAccess - Opening connection to the database...
[INFO ] 2021-04-22 10:40:43.830 [Test worker] UserDatabaseAccess - Opening connection to the database...
[INFO ] 2021-04-22 10:40:44.094 [Test worker] UserDatabaseAccess - Opening connection to the database...
[INFO ] 2021-04-22 10:40:44.125 [Test worker] UserDatabaseAccess - Opening connection to the database...
[INFO ] 2021-04-22 10:40:44.146 [Test worker] UserDatabaseAccess - Opening connection to the database...
[INFO ] 2021-04-22 10:40:44.346 [Test worker] UserDatabaseAccess - Opening connection to the database...
[INFO ] 2021-04-22 10:47:30.541 [Test worker] ProcessData - User found a desired workout for this week
[INFO ] 2021-04-22 10:47:30.577 [Test worker] ProcessData - No workout found for the user during this session
[INFO ] 2021-04-22 10:47:30.607 [Test worker] UserDatabaseAccess - Opening connection to the database...
[INFO ] 2021-04-22 10:47:30.766 [Test worker] UserDatabaseAccess - Opening connection to the database...
[INFO ] 2021-04-22 10:47:31.028 [Test worker] UserDatabaseAccess - Opening connection to the database...
[INFO ] 2021-04-22 10:47:31.060 [Test worker] UserDatabaseAccess - Opening connection to the database...
[INFO ] 2021-04-22 10:47:31.080 [Test worker] UserDatabaseAccess - Opening connection to the database...
[INFO ] 2021-04-22 10:47:31.266 [Test worker] UserDatabaseAccess - Opening connection to the database...
[INFO ] 2021-04-22 10:48:14.703 [Test worker] ProcessData - User found a desired workout for this week
[INFO ] 2021-04-22 10:48:14.749 [Test worker] ProcessData - No workout found for the user during this session
[INFO ] 2021-04-22 10:48:14.784 [Test worker] UserDatabaseAccess - Opening connection to the database...
[INFO ] 2021-04-22 10:48:14.969 [Test worker] UserDatabaseAccess - Opening connection to the database...
[INFO ] 2021-04-22 10:48:15.208 [Test worker] UserDatabaseAccess - Opening connection to the database...
[INFO ] 2021-04-22 10:48:15.240 [Test worker] UserDatabaseAccess - Opening connection to the database...
[INFO ] 2021-04-22 10:48:15.261 [Test worker] UserDatabaseAccess - Opening connection to the database...
[INFO ] 2021-04-22 10:48:15.449 [Test worker] UserDatabaseAccess - Opening connection to the database...
[INFO ] 2021-04-22 10:51:25.820 [Test worker] ProcessData - User found a desired workout for this week
[INFO ] 2021-04-22 10:51:25.890 [Test worker] ProcessData - No workout found for the user during this session
[INFO ] 2021-04-22 10:51:25.925 [Test worker] UserDatabaseAccess - Opening connection to the database...
[INFO ] 2021-04-22 10:51:26.133 [Test worker] UserDatabaseAccess - Opening connection to the database...
[INFO ] 2021-04-22 10:51:26.409 [Test worker] UserDatabaseAccess - Opening connection to the database...
[INFO ] 2021-04-22 10:51:26.437 [Test worker] UserDatabaseAccess - Opening connection to the database...
[INFO ] 2021-04-22 10:51:26.457 [Test worker] UserDatabaseAccess - Opening connection to the database...
[INFO ] 2021-04-22 10:51:26.640 [Test worker] UserDatabaseAccess - Opening connection to the database...
[INFO ] 2021-04-22 10:53:12.063 [Test worker] ProcessData - User found a desired workout for this week
[INFO ] 2021-04-22 10:53:12.125 [Test worker] ProcessData - No workout found for the user during this session
[INFO ] 2021-04-22 10:53:12.159 [Test worker] UserDatabaseAccess - Opening connection to the database...
[INFO ] 2021-04-22 10:53:12.339 [Test worker] UserDatabaseAccess - Opening connection to the database...
[INFO ] 2021-04-22 10:53:12.574 [Test worker] UserDatabaseAccess - Opening connection to the database...
[INFO ] 2021-04-22 10:53:12.603 [Test worker] UserDatabaseAccess - Opening connection to the database...
[INFO ] 2021-04-22 10:53:12.622 [Test worker] UserDatabaseAccess - Opening connection to the database...
[INFO ] 2021-04-22 10:53:12.802 [Test worker] UserDatabaseAccess - Opening connection to the database...
[INFO ] 2021-04-22 10:55:19.283 [Test worker] ProcessData - User found a desired workout for this week
[INFO ] 2021-04-22 10:55:19.338 [Test worker] ProcessData - No workout found for the user during this session
[INFO ] 2021-04-22 10:55:19.362 [Test worker] UserDatabaseAccess - Opening connection to the database...
[INFO ] 2021-04-22 10:55:19.556 [Test worker] UserDatabaseAccess - Opening connection to the database...
[INFO ] 2021-04-22 10:55:19.788 [Test worker] UserDatabaseAccess - Opening connection to the database...
[INFO ] 2021-04-22 10:55:19.817 [Test worker] UserDatabaseAccess - Opening connection to the database...
[INFO ] 2021-04-22 10:55:19.836 [Test worker] UserDatabaseAccess - Opening connection to the database...
[INFO ] 2021-04-22 10:55:20.014 [Test worker] UserDatabaseAccess - Opening connection to the database...
[INFO ] 2021-04-22 10:56:03.990 [Test worker] UserDatabaseAccess - Opening connection to the database...
[INFO ] 2021-04-22 10:56:04.223 [Test worker] UserDatabaseAccess - Opening connection to the database...
[INFO ] 2021-04-22 10:56:04.496 [Test worker] UserDatabaseAccess - Opening connection to the database...
[INFO ] 2021-04-22 10:56:04.529 [Test worker] UserDatabaseAccess - Opening connection to the database...
[INFO ] 2021-04-22 10:56:04.549 [Test worker] UserDatabaseAccess - Opening connection to the database...
[INFO ] 2021-04-22 10:56:04.752 [Test worker] UserDatabaseAccess - Opening connection to the database...
[INFO ] 2021-04-22 10:56:04.811 [Test worker] ProcessData - User found a desired workout for this week
[INFO ] 2021-04-22 10:56:04.816 [Test worker] ProcessData - No workout found for the user during this session
[INFO ] 2021-04-22 10:57:01.595 [Test worker] UserDatabaseAccess - Opening connection to the database...
[INFO ] 2021-04-22 10:57:01.769 [Test worker] UserDatabaseAccess - Opening connection to the database...
[INFO ] 2021-04-22 10:57:02.003 [Test worker] UserDatabaseAccess - Opening connection to the database...
[INFO ] 2021-04-22 10:57:02.036 [Test worker] UserDatabaseAccess - Opening connection to the database...
[INFO ] 2021-04-22 10:57:02.062 [Test worker] UserDatabaseAccess - Opening connection to the database...
[INFO ] 2021-04-22 10:57:02.275 [Test worker] UserDatabaseAccess - Opening connection to the database...
[INFO ] 2021-04-22 10:57:02.348 [Test worker] ProcessData - User found a desired workout for this week
[INFO ] 2021-04-22 10:57:02.353 [Test worker] ProcessData - No workout found for the user during this session
[INFO ] 2021-04-22 10:57:59.707 [Test worker] UserDatabaseAccess - Opening connection to the database...
[INFO ] 2021-04-22 10:57:59.875 [Test worker] UserDatabaseAccess - Opening connection to the database...
[INFO ] 2021-04-22 10:58:00.200 [Test worker] UserDatabaseAccess - Opening connection to the database...
[INFO ] 2021-04-22 10:58:00.228 [Test worker] UserDatabaseAccess - Opening connection to the database...
[INFO ] 2021-04-22 10:58:00.248 [Test worker] UserDatabaseAccess - Opening connection to the database...
[INFO ] 2021-04-22 10:58:00.436 [Test worker] UserDatabaseAccess - Opening connection to the database...
[INFO ] 2021-04-22 10:58:00.504 [Test worker] ProcessData - User found a desired workout for this week
[INFO ] 2021-04-22 10:58:00.510 [Test worker] ProcessData - No workout found for the user during this session
[INFO ] 2021-04-22 16:33:34.531 [Test worker] UserDatabaseAccess - Opening connection to the database...
[INFO ] 2021-04-22 16:33:34.696 [Test worker] UserDatabaseAccess - Opening connection to the database...
[INFO ] 2021-04-22 16:33:34.956 [Test worker] UserDatabaseAccess - Opening connection to the database...
[INFO ] 2021-04-22 16:33:34.992 [Test worker] UserDatabaseAccess - Opening connection to the database...
[INFO ] 2021-04-22 16:33:35.013 [Test worker] UserDatabaseAccess - Opening connection to the database...
[INFO ] 2021-04-22 16:33:35.228 [Test worker] UserDatabaseAccess - Opening connection to the database...
[INFO ] 2021-04-22 16:33:35.301 [Test worker] ProcessData - User found a desired workout for this week
[INFO ] 2021-04-22 16:33:35.308 [Test worker] ProcessData - No workout found for the user during this session
[ERROR] 2021-04-22 16:44:07.836 [Test worker] UserDatabaseAccess - Opening connection to the database...
[ERROR] 2021-04-22 16:44:08.039 [Test worker] UserDatabaseAccess - Opening connection to the database...
[ERROR] 2021-04-22 16:44:08.283 [Test worker] UserDatabaseAccess - Opening connection to the database...
[ERROR] 2021-04-22 16:44:08.311 [Test worker] UserDatabaseAccess - Opening connection to the database...
[ERROR] 2021-04-22 16:44:08.331 [Test worker] UserDatabaseAccess - Opening connection to the database...
[ERROR] 2021-04-22 16:44:08.549 [Test worker] UserDatabaseAccess - Opening connection to the database...
[INFO ] 2021-04-22 16:44:08.607 [Test worker] ProcessData - User found a desired workout for this week
[INFO ] 2021-04-22 16:44:08.612 [Test worker] ProcessData - No workout found for the user during this session
[ERROR] 2021-04-22 16:46:04.893 [Test worker] UserDatabaseAccess - Opening connection to the database...
[ERROR] 2021-04-22 16:46:05.055 [Test worker] UserDatabaseAccess - Opening connection to the database...
[ERROR] 2021-04-22 16:46:05.335 [Test worker] UserDatabaseAccess - Opening connection to the database...
[ERROR] 2021-04-22 16:46:05.377 [Test worker] UserDatabaseAccess - Opening connection to the database...
[ERROR] 2021-04-22 16:46:05.403 [Test worker] UserDatabaseAccess - Opening connection to the database...
[ERROR] 2021-04-22 16:46:05.637 [Test worker] UserDatabaseAccess - Opening connection to the database...
[INFO ] 2021-04-22 16:46:05.709 [Test worker] ProcessData - User found a desired workout for this week
[INFO ] 2021-04-22 16:46:05.714 [Test worker] ProcessData - No workout found for the user during this session
[ERROR] 2021-04-22 16:50:40.334 [Test worker] UserDatabaseAccess - Opening connection to the database...****
[ERROR] 2021-04-22 16:50:40.482 [Test worker] UserDatabaseAccess - Opening connection to the database...****
[ERROR] 2021-04-22 16:50:40.744 [Test worker] UserDatabaseAccess - Opening connection to the database...****
[ERROR] 2021-04-22 16:50:40.774 [Test worker] UserDatabaseAccess - Opening connection to the database...****
[ERROR] 2021-04-22 16:50:40.797 [Test worker] UserDatabaseAccess - Opening connection to the database...****
[ERROR] 2021-04-22 16:50:40.999 [Test worker] UserDatabaseAccess - Opening connection to the database...****
[INFO ] 2021-04-22 16:50:41.063 [Test worker] ProcessData - User found a desired workout for this week
[INFO ] 2021-04-22 16:50:41.068 [Test worker] ProcessData - No workout found for the user during this session
[ERROR] 2021-04-22 16:55:49.353 [Test worker] UserDatabaseAccess - Opening connection to the database...****
[ERROR] 2021-04-22 16:55:49.497 [Test worker] UserDatabaseAccess - Opening connection to the database...****
[ERROR] 2021-04-22 16:55:49.841 [Test worker] UserDatabaseAccess - Opening connection to the database...****
[ERROR] 2021-04-22 16:55:49.874 [Test worker] UserDatabaseAccess - Opening connection to the database...****
[ERROR] 2021-04-22 16:55:49.894 [Test worker] UserDatabaseAccess - Opening connection to the database...****
[ERROR] 2021-04-22 16:55:50.082 [Test worker] UserDatabaseAccess - Opening connection to the database...****
[INFO ] 2021-04-22 16:55:50.133 [Test worker] ProcessData - User found a desired workout for this week
[INFO ] 2021-04-22 16:55:50.138 [Test worker] ProcessData - No workout found for the user during this session
[ERROR] 2021-04-22 18:29:18.196 [Test worker] UserDatabaseAccess - Opening connection to the database...****
[ERROR] 2021-04-22 18:29:18.385 [Test worker] UserDatabaseAccess - Opening connection to the database...****
[ERROR] 2021-04-22 18:29:18.737 [Test worker] UserDatabaseAccess - Opening connection to the database...****
[ERROR] 2021-04-22 18:29:18.775 [Test worker] UserDatabaseAccess - Opening connection to the database...****
[ERROR] 2021-04-22 18:29:18.801 [Test worker] UserDatabaseAccess - Opening connection to the database...****
[ERROR] 2021-04-22 18:29:19.031 [Test worker] UserDatabaseAccess - Opening connection to the database...****
[INFO ] 2021-04-22 18:29:19.123 [Test worker] ProcessData - User found a desired workout for this week
[INFO ] 2021-04-22 18:29:19.129 [Test worker] ProcessData - No workout found for the user during this session
[INFO ] 2021-04-22 18:34:44.994 [Test worker] DataInput - ************************Reading in data from csv*****************
[ERROR] 2021-04-22 18:34:45.017 [Test worker] UserDatabaseAccess - Opening connection to the database...****
[ERROR] 2021-04-22 18:34:45.165 [Test worker] UserDatabaseAccess - Opening connection to the database...****
[ERROR] 2021-04-22 18:34:45.443 [Test worker] UserDatabaseAccess - Opening connection to the database...****
[INFO ] 2021-04-22 18:34:45.469 [Test worker] DataInput - ************************Reading in data from csv*****************
[ERROR] 2021-04-22 18:34:45.474 [Test worker] UserDatabaseAccess - Opening connection to the database...****
[ERROR] 2021-04-22 18:34:45.494 [Test worker] UserDatabaseAccess - Opening connection to the database...****
[ERROR] 2021-04-22 18:34:45.684 [Test worker] UserDatabaseAccess - Opening connection to the database...****
[INFO ] 2021-04-22 18:34:45.707 [Test worker] DataInput - ************************Reading in data from csv*****************
[INFO ] 2021-04-22 18:34:45.714 [Test worker] DataInput - ************************Reading in data from csv*****************
[INFO ] 2021-04-22 18:34:45.747 [Test worker] ProcessData - User found a desired workout for this week
[INFO ] 2021-04-22 18:34:45.752 [Test worker] ProcessData - No workout found for the user during this session
[INFO ] 2021-04-22 18:41:13.199 [Test worker] DataInput - ************************Reading in data from csv*****************
[ERROR] 2021-04-22 18:41:13.232 [Test worker] UserDatabaseAccess - Opening connection to the database...****
[ERROR] 2021-04-22 18:41:13.392 [Test worker] UserDatabaseAccess - Opening connection to the database...****
[ERROR] 2021-04-22 18:41:13.668 [Test worker] UserDatabaseAccess - Opening connection to the database...****
[INFO ] 2021-04-22 18:41:13.697 [Test worker] DataInput - ************************Reading in data from csv*****************
[ERROR] 2021-04-22 18:41:13.703 [Test worker] UserDatabaseAccess - Opening connection to the database...****
[ERROR] 2021-04-22 18:41:13.729 [Test worker] UserDatabaseAccess - Opening connection to the database...****
[ERROR] 2021-04-22 18:41:13.938 [Test worker] UserDatabaseAccess - Opening connection to the database...****
[INFO ] 2021-04-22 18:41:13.963 [Test worker] DataInput - ************************Reading in data from csv*****************
[INFO ] 2021-04-22 18:41:13.969 [Test worker] DataInput - ************************Reading in data from csv*****************
[INFO ] 2021-04-22 18:41:14.001 [Test worker] ProcessData - User found a desired workout for this week
[INFO ] 2021-04-22 18:41:14.005 [Test worker] ProcessData - No workout found for the user during this session
[INFO ] 2021-04-22 18:43:41.800 [Test worker] DataInput - ************************Reading in data from csv*****************
[ERROR] 2021-04-22 18:43:41.828 [Test worker] UserDatabaseAccess - Opening connection to the database...****
[ERROR] 2021-04-22 18:43:41.972 [Test worker] UserDatabaseAccess - Opening connection to the database...****
[ERROR] 2021-04-22 18:43:42.213 [Test worker] UserDatabaseAccess - Opening connection to the database...****
[INFO ] 2021-04-22 18:43:42.239 [Test worker] DataInput - ************************Reading in data from csv*****************
[ERROR] 2021-04-22 18:43:42.245 [Test worker] UserDatabaseAccess - Opening connection to the database...****
[ERROR] 2021-04-22 18:43:42.265 [Test worker] UserDatabaseAccess - Opening connection to the database...****
[ERROR] 2021-04-22 18:43:42.476 [Test worker] UserDatabaseAccess - Opening connection to the database...****
[INFO ] 2021-04-22 18:43:42.500 [Test worker] DataInput - ************************Reading in data from csv*****************
[INFO ] 2021-04-22 18:43:42.505 [Test worker] DataInput - ************************Reading in data from csv*****************
[INFO ] 2021-04-22 18:43:42.537 [Test worker] ProcessData - User found a desired workout for this week
[INFO ] 2021-04-22 18:43:42.543 [Test worker] ProcessData - No workout found for the user during this session
